<?xml version="1.0" encoding="UTF-8"?>
<!-- Generated by org.testng.reporters.JUnitReportReporter -->
<testsuite skipped="0" hostname="DESKTOP-Q3T0OHB" name="com.qa.jenkins.Jenkins_example" tests="1" failures="0" timestamp="26 Jul 2019 04:11:37 GMT" time="0.016" errors="0">
  <testcase name="main" time="0.016" classname="com.qa.jenkins.Jenkins_example"/>
</testsuite> <!-- com.qa.jenkins.Jenkins_example -->
